[2026-02-16 16:20:19] INFO: Script started with arguments: -d /home/imchethanjs/embedUR/Assignments/ -k Module
[2026-02-16 16:20:19] INFO: Directory set to: /home/imchethanjs/embedUR/Assignments/
[2026-02-16 16:20:19] INFO: Keyword set to: Module
[2026-02-16 16:20:19] INFO: Starting search in '/home/imchethanjs/embedUR/Assignments' for keyword 'Module'
[2026-02-16 16:20:19] INFO: Starting search in '/home/imchethanjs/embedUR/Assignments/Linux' for keyword 'Module'
[2026-02-16 16:20:19] INFO: Starting search in '/home/imchethanjs/embedUR/Assignments/Linux/Module-1' for keyword 'Module'
[2026-02-16 16:20:19] INFO: Starting search in '/home/imchethanjs/embedUR/Assignments/Linux/Module-1/dir1' for keyword 'Module'
[2026-02-16 16:20:19] INFO: Starting search in '/home/imchethanjs/embedUR/Assignments/Linux/Module-1/dir1/dir2' for keyword 'Module'
[2026-02-16 16:20:19] INFO: Search completed in '/home/imchethanjs/embedUR/Assignments/Linux/Module-1/dir1/dir2'
[2026-02-16 16:20:19] INFO: Search completed in '/home/imchethanjs/embedUR/Assignments/Linux/Module-1/dir1'
[2026-02-16 16:20:19] SUCCESS: Keyword 'Module' found in /home/imchethanjs/embedUR/Assignments/Linux/Module-1/Module_1.md
[2026-02-16 16:20:19] SUCCESS: Keyword 'Module' found in /home/imchethanjs/embedUR/Assignments/Linux/Module-1/ps
[2026-02-16 16:20:19] INFO: Search completed in '/home/imchethanjs/embedUR/Assignments/Linux/Module-1'
[2026-02-16 16:20:19] INFO: Starting search in '/home/imchethanjs/embedUR/Assignments/Linux/Module-2' for keyword 'Module'
[2026-02-16 16:20:19] SUCCESS: Keyword 'Module' found in /home/imchethanjs/embedUR/Assignments/Linux/Module-2/large_files.txt
[2026-02-16 16:20:19] SUCCESS: Keyword 'Module' found in /home/imchethanjs/embedUR/Assignments/Linux/Module-2/log.txt
[2026-02-16 16:20:19] SUCCESS: Keyword 'Module' found in /home/imchethanjs/embedUR/Assignments/Linux/Module-2/Module_2.md
[2026-02-16 16:20:19] INFO: Search completed in '/home/imchethanjs/embedUR/Assignments/Linux/Module-2'
[2026-02-16 16:20:19] INFO: Starting search in '/home/imchethanjs/embedUR/Assignments/Linux/Module-3' for keyword 'Module'
[2026-02-16 16:20:19] INFO: Starting search in '/home/imchethanjs/embedUR/Assignments/Linux/Module-3/backup' for keyword 'Module'
[2026-02-16 16:20:19] SUCCESS: Keyword 'Module' found in /home/imchethanjs/embedUR/Assignments/Linux/Module-3/backup/backup_report.log
[2026-02-16 16:20:19] INFO: Search completed in '/home/imchethanjs/embedUR/Assignments/Linux/Module-3/backup'
[2026-02-16 16:20:19] SUCCESS: Keyword 'Module' found in /home/imchethanjs/embedUR/Assignments/Linux/Module-3/Module_3.md
[2026-02-16 16:20:19] INFO: Search completed in '/home/imchethanjs/embedUR/Assignments/Linux/Module-3'
[2026-02-16 16:20:19] INFO: Starting search in '/home/imchethanjs/embedUR/Assignments/Linux/Module-4' for keyword 'Module'
[2026-02-16 16:20:19] SUCCESS: Keyword 'Module' found in /home/imchethanjs/embedUR/Assignments/Linux/Module-4/Module_4.md
[2026-02-16 16:20:19] INFO: Search completed in '/home/imchethanjs/embedUR/Assignments/Linux/Module-4'
[2026-02-16 16:20:19] INFO: Starting search in '/home/imchethanjs/embedUR/Assignments/Linux/Module-5' for keyword 'Module'
[2026-02-16 16:20:19] SUCCESS: Keyword 'Module' found in /home/imchethanjs/embedUR/Assignments/Linux/Module-5/errors.log
[2026-02-16 16:20:19] SUCCESS: Keyword 'Module' found in /home/imchethanjs/embedUR/Assignments/Linux/Module-5/Module_5.md
[2026-02-16 16:20:19] INFO: Search completed in '/home/imchethanjs/embedUR/Assignments/Linux/Module-5'
[2026-02-16 16:20:19] INFO: Search completed in '/home/imchethanjs/embedUR/Assignments/Linux'
[2026-02-16 16:20:19] INFO: Search completed in '/home/imchethanjs/embedUR/Assignments'
[2026-02-16 16:20:19] INFO: Script completed successfully
