=====================
Backup Summary Report
=====================
Source directory: /home/imchethanjs/Projects/cpp/dsa
Backed up files: .cpp
Backup directory: /home/imchethanjs/embedUR/Assignments/Linux/Module-3/backup
Total number of files backed up: 8
Total size of backup: 7.7KB
Time: Tue Feb  3 09:01:50 PM IST 2026

=====================
Backup Summary Report
=====================
Source directory: /home/imchethanjs/Projects/manim
Backed up files: .py
Backup directory: /home/imchethanjs/embedUR/Assignments/Linux/Module-3/backup
Total number of files backed up: 6
Total size of backup: 25KB
Time: Tue Feb  3 10:55:15 PM IST 2026

=====================
Backup Summary Report
=====================
Source directory: /home/imchethanjs/Projects/c/http-server
Backed up files: .h
Backup directory: /home/imchethanjs/embedUR/Assignments/Linux/Module-3/backup
Total number of files backed up: 2
Total size of backup: 1.4KB
Time: Fri Feb  6 08:38:56 PM IST 2026

